<?xml version="1.0" encoding="UTF-8"?>
<!-- Generated by org.testng.reporters.JUnitXMLReporter -->
<testsuite ignored="1" hostname="DESKTOP-RQ8FSHG" failures="1" tests="14" name="Chrome" time="46.244" errors="0" timestamp="2023-05-03T15:31:52 EDT">
  <testcase classname="test.LandingValidation_Amazon" name="ValidateTitle" time="0.016"/>
  <testcase classname="test.LandingValidation_Amazon" name="ValidateUrl" time="0.062"/>
  <testcase classname="test.LoginTest_Amazon" name="validateNavigateToWishList" time="2.497"/>
  <testcase classname="test.LoginTest_Amazon" name="validateNavigateToNewRelease" time="1.554"/>
  <testcase classname="test.LoginTest_Amazon" name="validateCustomerLogin" time="1.762"/>
  <testcase classname="test.LoginTest_Amazon" name="validatecustomerLogout" time="2.645"/>
  <testcase classname="test.LoginTest_Amazon" name="inValidEmail" time="0.667"/>
  <testcase classname="test.LoginTest_Amazon" name="validEmailInValidPassword" time="1.06"/>
  <testcase classname="test.LoginTest_Amazon" name="validateProductSearch" time="12.826"/>
  <testcase classname="test.LoginTest_Amazon" name="validateSelectProduct" time="5.251"/>
  <testcase classname="test.LoginTest_Amazon" name="validateselectDeliveryLocation" time="4.662">
    <failure type="java.lang.AssertionError" message="Entered postal code is not as expected expected [true] but found [false]">
      <![CDATA[java.lang.AssertionError: Entered postal code is not as expected expected [true] but found [false]
at test.LoginTest_Amazon.validateselectDeliveryLocation(LoginTest_Amazon.java:131)
at java.base/java.util.ArrayList.forEach(ArrayList.java:1511)
... Removed 28 stack frames]]>
    </failure>
  </testcase> <!-- validateselectDeliveryLocation -->
  <testcase classname="test.LoginTest_Amazon" name="validateSponsoredProduct" time="2.319"/>
  <testcase classname="test.LoginTest_Amazon" name="validateAddToCart" time="2.089"/>
  <testcase classname="test.LoginTest_Amazon" name="validateCheckout" time="1.294"/>
  <testcase classname="test.Base" name="@AfterSuite afterSuite" time="0.0">
    <ignored/>
  </testcase> <!-- @AfterSuite afterSuite -->
</testsuite> <!-- Chrome -->
