<?xml version="1.0" encoding="UTF-8"?>
<!-- Generated by org.testng.reporters.JUnitXMLReporter -->
<testsuite ignored="0" hostname="DESKTOP-RQ8FSHG" failures="0" tests="12" name="RegressionTest Chrome" time="0.221" errors="0" timestamp="2023-04-30T10:33:09 EDT">
  <testcase classname="test.Base" name="@BeforeClass beforeSuite" time="0.027">
    <failure type="java.lang.NullPointerException" message="Cannot invoke &amp;quot;String.equalsIgnoreCase(String)&amp;quot; because &amp;quot;browser&amp;quot; is null">
      <![CDATA[java.lang.NullPointerException: Cannot invoke "String.equalsIgnoreCase(String)" because "browser" is null
at driverManager.DriverManager.setup(DriverManager.java:25)
at test.Base.beforeSuite(Base.java:29)
at java.base/java.util.ArrayList.forEach(ArrayList.java:1511)
... Removed 23 stack frames]]>
    </failure>
  </testcase> <!-- @BeforeClass beforeSuite -->
  <testcase classname="test.LoginTest_Amazon" name="validateNavigateToWishList" time="0.0">
    <skipped/>
  </testcase> <!-- validateNavigateToWishList -->
  <testcase classname="test.LoginTest_Amazon" name="validateNavigateToNewRelease" time="0.001">
    <skipped/>
  </testcase> <!-- validateNavigateToNewRelease -->
  <testcase classname="test.LoginTest_Amazon" name="validateCustomerLogin" time="0.0">
    <skipped/>
  </testcase> <!-- validateCustomerLogin -->
  <testcase classname="test.LoginTest_Amazon" name="validatecustomerLogout" time="0.0">
    <skipped/>
  </testcase> <!-- validatecustomerLogout -->
  <testcase classname="test.LoginTest_Amazon" name="inValidEmail" time="0.0">
    <skipped/>
  </testcase> <!-- inValidEmail -->
  <testcase classname="test.LoginTest_Amazon" name="validEmailInValidPassword" time="0.001">
    <skipped/>
  </testcase> <!-- validEmailInValidPassword -->
  <testcase classname="test.LoginTest_Amazon" name="validateProductSearch" time="0.0">
    <skipped/>
  </testcase> <!-- validateProductSearch -->
  <testcase classname="test.LoginTest_Amazon" name="validateSelectProduct" time="0.0">
    <skipped/>
  </testcase> <!-- validateSelectProduct -->
  <testcase classname="test.LoginTest_Amazon" name="validateselectDeliveryLocation" time="0.0">
    <skipped/>
  </testcase> <!-- validateselectDeliveryLocation -->
  <testcase classname="test.LoginTest_Amazon" name="validateSponsoredProduct" time="0.0">
    <skipped/>
  </testcase> <!-- validateSponsoredProduct -->
  <testcase classname="test.LoginTest_Amazon" name="validateAddToCart" time="0.0">
    <skipped/>
  </testcase> <!-- validateAddToCart -->
  <testcase classname="test.LoginTest_Amazon" name="validateCheckout" time="0.0">
    <skipped/>
  </testcase> <!-- validateCheckout -->
</testsuite> <!-- RegressionTest Chrome -->
