<?xml version="1.0" encoding="UTF-8"?>
<!-- Generated by org.testng.reporters.JUnitXMLReporter -->
<testsuite ignored="0" hostname="DESKTOP-RQ8FSHG" failures="1" tests="12" name="Test1" time="34.878" errors="0" timestamp="2023-04-28T17:09:29 EDT">
  <testcase classname="test.LoginTest_Amazon" name="validateNavigateToWishList" time="1.717"/>
  <testcase classname="test.LoginTest_Amazon" name="validateNavigateToNewRelease" time="1.55"/>
  <testcase classname="test.LoginTest_Amazon" name="validateCustomerLogin" time="2.227"/>
  <testcase classname="test.LoginTest_Amazon" name="validatecustomerLogout" time="3.296"/>
  <testcase classname="test.LoginTest_Amazon" name="inValidEmail" time="0.52"/>
  <testcase classname="test.LoginTest_Amazon" name="validEmailInValidPassword" time="0.938"/>
  <testcase classname="test.LoginTest_Amazon" name="validateProductSearch" time="5.914"/>
  <testcase classname="test.LoginTest_Amazon" name="validateSelectProduct" time="3.8"/>
  <testcase classname="test.LoginTest_Amazon" name="validateselectDeliveryLocation" time="5.02">
    <failure type="java.lang.AssertionError" message="Entered postal code is not as expected expected [true] but found [false]">
      <![CDATA[java.lang.AssertionError: Entered postal code is not as expected expected [true] but found [false]
at test.LoginTest_Amazon.validateselectDeliveryLocation(LoginTest_Amazon.java:132)
at java.base/java.util.ArrayList.forEach(ArrayList.java:1511)
... Removed 28 stack frames]]>
    </failure>
  </testcase> <!-- validateselectDeliveryLocation -->
  <testcase classname="test.LoginTest_Amazon" name="validateSponsoredProduct" time="1.849"/>
  <testcase classname="test.LoginTest_Amazon" name="validateAddToCart" time="1.616"/>
  <testcase classname="test.LoginTest_Amazon" name="validateCheckout" time="1.674"/>
</testsuite> <!-- Test1 -->
