<?xml version="1.0" encoding="UTF-8"?>
<!-- Generated by org.testng.reporters.JUnitXMLReporter -->
<testsuite ignored="0" hostname="DESKTOP-RQ8FSHG" failures="0" tests="5" name="Test" time="0.117" errors="0" timestamp="2023-04-26T19:27:47 EDT">
  <testcase classname="test.Base" name="@BeforeSuite beforeSuite" time="-1.68255166694E9">
    <failure type="org.testng.TestNGException" message="
Parameter &amp;apos;browser&amp;apos; is required by BeforeSuite on method beforeSuite but has not been marked @Optional or defined
in C:\Automation\Workspace\TestngFramework\testng.xml">
      <![CDATA[org.testng.TestNGException: 
Parameter 'browser' is required by BeforeSuite on method beforeSuite but has not been marked @Optional or defined
in C:\Automation\Workspace\TestngFramework\testng.xml
... Removed 16 stack frames]]>
    </failure>
  </testcase> <!-- @BeforeSuite beforeSuite -->
  <testcase classname="test.Base" name="beforeSuite" time="0.0">
    <skipped/>
  </testcase> <!-- beforeSuite -->
  <testcase classname="test.LoginTest_Amazon" name="validateNavigateToWishList" time="0.001">
    <skipped/>
  </testcase> <!-- validateNavigateToWishList -->
  <testcase classname="test.LoginTest_Amazon" name="validateNavigateToNewRelease" time="0.0">
    <skipped/>
  </testcase> <!-- validateNavigateToNewRelease -->
  <testcase classname="test.LoginTest_Amazon" name="validateCustomerLogin" time="0.0">
    <skipped/>
  </testcase> <!-- validateCustomerLogin -->
  <testcase classname="test.LoginTest_Amazon" name="validatecustomerLogout" time="0.0">
    <skipped/>
  </testcase> <!-- validatecustomerLogout -->
</testsuite> <!-- Test -->
