<html>
<head>
<title>TestNG:  RegressionTest Chrome</title>
<link href="../testng.css" rel="stylesheet" type="text/css" />
<link href="../my-testng.css" rel="stylesheet" type="text/css" />

<style type="text/css">
.log { display: none;} 
.stack-trace { display: none;} 
</style>
<script type="text/javascript">
<!--
function flip(e) {
  current = e.style.display;
  if (current == 'block') {
    e.style.display = 'none';
    return 0;
  }
  else {
    e.style.display = 'block';
    return 1;
  }
}

function toggleBox(szDivId, elem, msg1, msg2)
{
  var res = -1;  if (document.getElementById) {
    res = flip(document.getElementById(szDivId));
  }
  else if (document.all) {
    // this is the way old msie versions work
    res = flip(document.all[szDivId]);
  }
  if(elem) {
    if(res == 0) elem.innerHTML = msg1; else elem.innerHTML = msg2;
  }

}

function toggleAllBoxes() {
  if (document.getElementsByTagName) {
    d = document.getElementsByTagName('div');
    for (i = 0; i < d.length; i++) {
      if (d[i].className == 'log') {
        flip(d[i]);
      }
    }
  }
}

// -->
</script>

</head>
<body>
<h2 align='center'>RegressionTest Chrome</h2><table border='1' align="center">
<tr>
<td>Tests passed/Failed/Skipped:</td><td>12/2/0</td>
</tr><tr>
<td>Started on:</td><td>Wed May 03 15:34:51 EDT 2023</td>
</tr>
<tr><td>Total time:</td><td>42 seconds (42756 ms)</td>
</tr><tr>
<td>Included groups:</td><td></td>
</tr><tr>
<td>Excluded groups:</td><td></td>
</tr>
</table><p/>
<small><i>(Hover the method name to see the test class name)</i></small><p/>
<table width='100%' border='1' class='invocation-failed'>
<tr><td colspan='4' align='center'><b>FAILED TESTS</b></td></tr>
<tr><td><b>Test method</b></td>
<td><b>Attribute(s)</b></td>
<td width="30%"><b>Exception</b></td>
<td width="10%"><b>Time (seconds)</b></td>
<td><b>Instance</b></td>
</tr>
<tr>
<td title='test.LoginTest_Amazon.validateselectDeliveryLocation()'><b>validateselectDeliveryLocation</b><br>Test class: test.LoginTest_Amazon<br>Parameters: L7M, 0Z9</td>
<td><div><pre>java.lang.AssertionError: Entered postal code is not as expected expected [true] but found [false]
	at test.LoginTest_Amazon.validateselectDeliveryLocation(LoginTest_Amazon.java:131)
	at java.base/java.util.ArrayList.forEach(ArrayList.java:1511)
... Removed 28 stack frames</pre></div><a href='#' onClick='toggleBox("stack-trace824357143", this, "Click to show all stack frames", "Click to hide stack frames")'>Click to show all stack frames</a>
<div class='stack-trace' id='stack-trace824357143'><pre>java.lang.AssertionError: Entered postal code is not as expected expected [true] but found [false]
	at org.testng.Assert.fail(Assert.java:110)
	at org.testng.Assert.failNotEquals(Assert.java:1577)
	at org.testng.Assert.assertTrue(Assert.java:56)
	at test.LoginTest_Amazon.validateselectDeliveryLocation(LoginTest_Amazon.java:131)
	at java.base/jdk.internal.reflect.DirectMethodHandleAccessor.invoke(DirectMethodHandleAccessor.java:104)
	at java.base/java.lang.reflect.Method.invoke(Method.java:578)
	at org.testng.internal.invokers.MethodInvocationHelper.invokeMethod(MethodInvocationHelper.java:139)
	at org.testng.internal.invokers.TestInvoker.invokeMethod(TestInvoker.java:677)
	at org.testng.internal.invokers.TestInvoker.invokeTestMethod(TestInvoker.java:221)
	at org.testng.internal.invokers.MethodRunner.runInSequence(MethodRunner.java:50)
	at org.testng.internal.invokers.TestInvoker$MethodInvocationAgent.invoke(TestInvoker.java:969)
	at org.testng.internal.invokers.TestInvoker.invokeTestMethods(TestInvoker.java:194)
	at org.testng.internal.invokers.TestMethodWorker.invokeTestMethods(TestMethodWorker.java:148)
	at org.testng.internal.invokers.TestMethodWorker.run(TestMethodWorker.java:128)
	at java.base/java.util.ArrayList.forEach(ArrayList.java:1511)
	at org.testng.TestRunner.privateRun(TestRunner.java:829)
	at org.testng.TestRunner.run(TestRunner.java:602)
	at org.testng.SuiteRunner.runTest(SuiteRunner.java:437)
	at org.testng.SuiteRunner.runSequentially(SuiteRunner.java:431)
	at org.testng.SuiteRunner.privateRun(SuiteRunner.java:391)
	at org.testng.SuiteRunner.run(SuiteRunner.java:330)
	at org.testng.SuiteRunnerWorker.runSuite(SuiteRunnerWorker.java:52)
	at org.testng.SuiteRunnerWorker.run(SuiteRunnerWorker.java:95)
	at org.testng.TestNG.runSuitesSequentially(TestNG.java:1256)
	at org.testng.TestNG.runSuitesLocally(TestNG.java:1176)
	at org.testng.TestNG.runSuites(TestNG.java:1099)
	at org.testng.TestNG.run(TestNG.java:1067)
	at org.testng.remote.AbstractRemoteTestNG.run(AbstractRemoteTestNG.java:115)
	at org.testng.remote.RemoteTestNG.initAndRun(RemoteTestNG.java:251)
	at org.testng.remote.RemoteTestNG.main(RemoteTestNG.java:77)
</pre></div></td>
<td>5</td>
<td>test.LoginTest_Amazon@3a93b025</td></tr>
<tr>
<td title='test.LoginTest_Amazon.validateNavigateToWishList()'><b>validateNavigateToWishList</b><br>Test class: test.LoginTest_Amazon</td>
<td><div><pre>java.lang.AssertionError: Title is not as expected expected [true] but found [false]
	at test.LoginTest_Amazon.validateNavigateToWishList(LoginTest_Amazon.java:26)
	at java.base/java.util.ArrayList.forEach(ArrayList.java:1511)
... Removed 28 stack frames</pre></div><a href='#' onClick='toggleBox("stack-trace769877691", this, "Click to show all stack frames", "Click to hide stack frames")'>Click to show all stack frames</a>
<div class='stack-trace' id='stack-trace769877691'><pre>java.lang.AssertionError: Title is not as expected expected [true] but found [false]
	at org.testng.Assert.fail(Assert.java:110)
	at org.testng.Assert.failNotEquals(Assert.java:1577)
	at org.testng.Assert.assertTrue(Assert.java:56)
	at test.LoginTest_Amazon.validateNavigateToWishList(LoginTest_Amazon.java:26)
	at java.base/jdk.internal.reflect.DirectMethodHandleAccessor.invoke(DirectMethodHandleAccessor.java:104)
	at java.base/java.lang.reflect.Method.invoke(Method.java:578)
	at org.testng.internal.invokers.MethodInvocationHelper.invokeMethod(MethodInvocationHelper.java:139)
	at org.testng.internal.invokers.TestInvoker.invokeMethod(TestInvoker.java:677)
	at org.testng.internal.invokers.TestInvoker.invokeTestMethod(TestInvoker.java:221)
	at org.testng.internal.invokers.MethodRunner.runInSequence(MethodRunner.java:50)
	at org.testng.internal.invokers.TestInvoker$MethodInvocationAgent.invoke(TestInvoker.java:969)
	at org.testng.internal.invokers.TestInvoker.invokeTestMethods(TestInvoker.java:194)
	at org.testng.internal.invokers.TestMethodWorker.invokeTestMethods(TestMethodWorker.java:148)
	at org.testng.internal.invokers.TestMethodWorker.run(TestMethodWorker.java:128)
	at java.base/java.util.ArrayList.forEach(ArrayList.java:1511)
	at org.testng.TestRunner.privateRun(TestRunner.java:829)
	at org.testng.TestRunner.run(TestRunner.java:602)
	at org.testng.SuiteRunner.runTest(SuiteRunner.java:437)
	at org.testng.SuiteRunner.runSequentially(SuiteRunner.java:431)
	at org.testng.SuiteRunner.privateRun(SuiteRunner.java:391)
	at org.testng.SuiteRunner.run(SuiteRunner.java:330)
	at org.testng.SuiteRunnerWorker.runSuite(SuiteRunnerWorker.java:52)
	at org.testng.SuiteRunnerWorker.run(SuiteRunnerWorker.java:95)
	at org.testng.TestNG.runSuitesSequentially(TestNG.java:1256)
	at org.testng.TestNG.runSuitesLocally(TestNG.java:1176)
	at org.testng.TestNG.runSuites(TestNG.java:1099)
	at org.testng.TestNG.run(TestNG.java:1067)
	at org.testng.remote.AbstractRemoteTestNG.run(AbstractRemoteTestNG.java:115)
	at org.testng.remote.RemoteTestNG.initAndRun(RemoteTestNG.java:251)
	at org.testng.remote.RemoteTestNG.main(RemoteTestNG.java:77)
</pre></div></td>
<td>2</td>
<td>test.LoginTest_Amazon@3a93b025</td></tr>
</table><p>
<table width='100%' border='1' class='invocation-passed'>
<tr><td colspan='4' align='center'><b>PASSED TESTS</b></td></tr>
<tr><td><b>Test method</b></td>
<td><b>Attribute(s)</b></td>
<td width="30%"><b>Exception</b></td>
<td width="10%"><b>Time (seconds)</b></td>
<td><b>Instance</b></td>
</tr>
<tr>
<td title='test.LoginTest_Amazon.validateAddToCart()'><b>validateAddToCart</b><br>Test class: test.LoginTest_Amazon</td>
<td></td>
<td>1</td>
<td>test.LoginTest_Amazon@3a93b025</td></tr>
<tr>
<td title='test.LoginTest_Amazon.inValidEmail()'><b>inValidEmail</b><br>Test class: test.LoginTest_Amazon<br>Parameters: ABCG3434</td>
<td></td>
<td>0</td>
<td>test.LoginTest_Amazon@3a93b025</td></tr>
<tr>
<td title='test.LoginTest_Amazon.validateSponsoredProduct()'><b>validateSponsoredProduct</b><br>Test class: test.LoginTest_Amazon</td>
<td></td>
<td>2</td>
<td>test.LoginTest_Amazon@3a93b025</td></tr>
<tr>
<td title='test.LoginTest_Amazon.validateCheckout()'><b>validateCheckout</b><br>Test class: test.LoginTest_Amazon</td>
<td></td>
<td>0</td>
<td>test.LoginTest_Amazon@3a93b025</td></tr>
<tr>
<td title='test.LoginTest_Amazon.validateNavigateToNewRelease()'><b>validateNavigateToNewRelease</b><br>Test class: test.LoginTest_Amazon</td>
<td></td>
<td>2</td>
<td>test.LoginTest_Amazon@3a93b025</td></tr>
<tr>
<td title='test.LandingValidation_Amazon.ValidateTitle()'><b>ValidateTitle</b><br>Test class: test.LandingValidation_Amazon</td>
<td></td>
<td>0</td>
<td>test.LandingValidation_Amazon@12468a38</td></tr>
<tr>
<td title='test.LoginTest_Amazon.validateSelectProduct()'><b>validateSelectProduct</b><br>Test class: test.LoginTest_Amazon<br>Parameters: $238.99</td>
<td></td>
<td>4</td>
<td>test.LoginTest_Amazon@3a93b025</td></tr>
<tr>
<td title='test.LoginTest_Amazon.validateProductSearch()'><b>validateProductSearch</b><br>Test class: test.LoginTest_Amazon<br>Parameters: samsung galaxy s10, 1-48 of</td>
<td></td>
<td>6</td>
<td>test.LoginTest_Amazon@3a93b025</td></tr>
<tr>
<td title='test.LoginTest_Amazon.validateCustomerLogin()'><b>validateCustomerLogin</b><br>Test class: test.LoginTest_Amazon<br>Parameters: 2262242214, ayush1@systems</td>
<td></td>
<td>2</td>
<td>test.LoginTest_Amazon@3a93b025</td></tr>
<tr>
<td title='test.LandingValidation_Amazon.ValidateUrl()'><b>ValidateUrl</b><br>Test class: test.LandingValidation_Amazon</td>
<td></td>
<td>0</td>
<td>test.LandingValidation_Amazon@12468a38</td></tr>
<tr>
<td title='test.LoginTest_Amazon.validatecustomerLogout()'><b>validatecustomerLogout</b><br>Test class: test.LoginTest_Amazon</td>
<td></td>
<td>2</td>
<td>test.LoginTest_Amazon@3a93b025</td></tr>
<tr>
<td title='test.LoginTest_Amazon.validEmailInValidPassword()'><b>validEmailInValidPassword</b><br>Test class: test.LoginTest_Amazon<br>Parameters: 2262242214, 2323****</td>
<td></td>
<td>0</td>
<td>test.LoginTest_Amazon@3a93b025</td></tr>
</table><p>
</body>
</html>