<?xml version="1.0" encoding="UTF-8"?>
<!-- Generated by org.testng.reporters.JUnitXMLReporter -->
<testsuite ignored="1" hostname="DESKTOP-RQ8FSHG" failures="2" tests="14" name="RegressionTest Chrome" time="42.756" errors="0" timestamp="2023-05-03T15:35:34 EDT">
  <testcase classname="test.LandingValidation_Amazon" name="ValidateTitle" time="0.059"/>
  <testcase classname="test.LandingValidation_Amazon" name="ValidateUrl" time="0.217"/>
  <testcase classname="test.LoginTest_Amazon" name="validateNavigateToWishList" time="2.348">
    <failure type="java.lang.AssertionError" message="Title is not as expected expected [true] but found [false]">
      <![CDATA[java.lang.AssertionError: Title is not as expected expected [true] but found [false]
at test.LoginTest_Amazon.validateNavigateToWishList(LoginTest_Amazon.java:26)
at java.base/java.util.ArrayList.forEach(ArrayList.java:1511)
... Removed 28 stack frames]]>
    </failure>
  </testcase> <!-- validateNavigateToWishList -->
  <testcase classname="test.LoginTest_Amazon" name="validateNavigateToNewRelease" time="2.366"/>
  <testcase classname="test.LoginTest_Amazon" name="validateCustomerLogin" time="2.734"/>
  <testcase classname="test.LoginTest_Amazon" name="validatecustomerLogout" time="2.982"/>
  <testcase classname="test.LoginTest_Amazon" name="inValidEmail" time="0.574"/>
  <testcase classname="test.LoginTest_Amazon" name="validEmailInValidPassword" time="0.996"/>
  <testcase classname="test.LoginTest_Amazon" name="validateProductSearch" time="6.875"/>
  <testcase classname="test.LoginTest_Amazon" name="validateSelectProduct" time="4.348"/>
  <testcase classname="test.LoginTest_Amazon" name="validateselectDeliveryLocation" time="5.174">
    <failure type="java.lang.AssertionError" message="Entered postal code is not as expected expected [true] but found [false]">
      <![CDATA[java.lang.AssertionError: Entered postal code is not as expected expected [true] but found [false]
at test.LoginTest_Amazon.validateselectDeliveryLocation(LoginTest_Amazon.java:131)
at java.base/java.util.ArrayList.forEach(ArrayList.java:1511)
... Removed 28 stack frames]]>
    </failure>
  </testcase> <!-- validateselectDeliveryLocation -->
  <testcase classname="test.LoginTest_Amazon" name="validateSponsoredProduct" time="2.619"/>
  <testcase classname="test.LoginTest_Amazon" name="validateAddToCart" time="1.722"/>
  <testcase classname="test.LoginTest_Amazon" name="validateCheckout" time="0.967"/>
  <testcase classname="test.Base" name="@AfterSuite afterSuite" time="0.0">
    <ignored/>
  </testcase> <!-- @AfterSuite afterSuite -->
</testsuite> <!-- RegressionTest Chrome -->
